[2014-07-26 00:03:56,044][INFO ][node                     ] [Adversary] version[1.3.0], pid[7724], build[1265b14/2014-07-23T13:46:36Z]
[2014-07-26 00:03:56,045][INFO ][node                     ] [Adversary] initializing ...
[2014-07-26 00:03:56,053][INFO ][plugins                  ] [Adversary] loaded [marvel], sites [marvel]
[2014-07-26 00:03:57,999][INFO ][marvel.agent             ] [Adversary] collecting disabled by settings
[2014-07-26 00:03:58,055][INFO ][node                     ] [Adversary] initialized
[2014-07-26 00:03:58,055][INFO ][node                     ] [Adversary] starting ...
[2014-07-26 00:03:58,150][INFO ][transport                ] [Adversary] bound_address {inet[/0:0:0:0:0:0:0:0:9301]}, publish_address {inet[/192.168.0.14:9301]}
[2014-07-26 00:03:58,162][INFO ][discovery                ] [Adversary] elasticsearch/1y_Vb5e0R52422p1vMyTkA
[2014-07-26 00:04:01,231][INFO ][cluster.service          ] [Adversary] detected_master [Calvin Rankin][W3E54GT6QFSFO1Wgp46UZg][adam-K55VJ][inet[/192.168.0.14:9300]], added {[Calvin Rankin][W3E54GT6QFSFO1Wgp46UZg][adam-K55VJ][inet[/192.168.0.14:9300]],}, reason: zen-disco-receive(from master [[Calvin Rankin][W3E54GT6QFSFO1Wgp46UZg][adam-K55VJ][inet[/192.168.0.14:9300]]])
[2014-07-26 00:04:01,353][INFO ][http                     ] [Adversary] bound_address {inet[/0:0:0:0:0:0:0:0:9201]}, publish_address {inet[/192.168.0.14:9201]}
[2014-07-26 00:04:01,353][INFO ][node                     ] [Adversary] started
[2014-07-26 00:04:10,395][WARN ][indices.recovery         ] [Adversary] [.marvel-2014.07.25][0] recovery from [[Calvin Rankin][W3E54GT6QFSFO1Wgp46UZg][adam-K55VJ][inet[/192.168.0.14:9300]]] failed
org.elasticsearch.transport.RemoteTransportException: [Calvin Rankin][inet[/192.168.0.14:9300]][index/shard/recovery/startRecovery]
Caused by: org.elasticsearch.index.engine.RecoveryEngineException: [.marvel-2014.07.25][0] Phase[1] Execution failed
	at org.elasticsearch.index.engine.internal.InternalEngine.recover(InternalEngine.java:1072)
	at org.elasticsearch.index.shard.service.InternalIndexShard.recover(InternalIndexShard.java:636)
	at org.elasticsearch.indices.recovery.RecoverySource.recover(RecoverySource.java:135)
	at org.elasticsearch.indices.recovery.RecoverySource.access$2500(RecoverySource.java:72)
	at org.elasticsearch.indices.recovery.RecoverySource$StartRecoveryTransportRequestHandler.messageReceived(RecoverySource.java:440)
	at org.elasticsearch.indices.recovery.RecoverySource$StartRecoveryTransportRequestHandler.messageReceived(RecoverySource.java:426)
	at org.elasticsearch.transport.netty.MessageChannelHandler$RequestHandler.run(MessageChannelHandler.java:275)
	at java.util.concurrent.ThreadPoolExecutor.runWorker(ThreadPoolExecutor.java:1145)
	at java.util.concurrent.ThreadPoolExecutor$Worker.run(ThreadPoolExecutor.java:615)
	at java.lang.Thread.run(Thread.java:745)
Caused by: org.elasticsearch.indices.recovery.RecoverFilesRecoveryException: [.marvel-2014.07.25][0] Failed to transfer [0] files with total size of [0b]
	at org.elasticsearch.indices.recovery.RecoverySource$1.phase1(RecoverySource.java:280)
	at org.elasticsearch.index.engine.internal.InternalEngine.recover(InternalEngine.java:1068)
	... 9 more
Caused by: org.apache.lucene.store.NoSuchDirectoryException: directory '/home/adam/Pobrane/elasticsearch-1.3.0/data/elasticsearch/nodes/0/indices/.marvel-2014.07.25/0/index' does not exist
	at org.apache.lucene.store.FSDirectory.listAll(FSDirectory.java:218)
	at org.apache.lucene.store.FSDirectory.listAll(FSDirectory.java:242)
	at org.apache.lucene.store.FileSwitchDirectory.listAll(FileSwitchDirectory.java:87)
	at org.apache.lucene.store.FilterDirectory.listAll(FilterDirectory.java:48)
	at org.elasticsearch.index.store.DistributorDirectory.listAll(DistributorDirectory.java:88)
	at org.apache.lucene.store.FilterDirectory.listAll(FilterDirectory.java:48)
	at org.elasticsearch.index.store.Store.failIfCorrupted(Store.java:332)
	at org.elasticsearch.index.store.Store.failIfCorrupted(Store.java:328)
	at org.elasticsearch.index.store.Store.getMetadata(Store.java:142)
	at org.elasticsearch.indices.recovery.RecoverySource$1.phase1(RecoverySource.java:145)
	... 10 more
[2014-07-26 00:04:10,398][WARN ][indices.cluster          ] [Adversary] [.marvel-2014.07.25][0] failed to start shard
org.elasticsearch.indices.recovery.RecoveryFailedException: [.marvel-2014.07.25][0]: Recovery failed from [Calvin Rankin][W3E54GT6QFSFO1Wgp46UZg][adam-K55VJ][inet[/192.168.0.14:9300]] into [Adversary][1y_Vb5e0R52422p1vMyTkA][adam-K55VJ][inet[/192.168.0.14:9301]]
	at org.elasticsearch.indices.recovery.RecoveryTarget.doRecovery(RecoveryTarget.java:306)
	at org.elasticsearch.indices.recovery.RecoveryTarget.access$200(RecoveryTarget.java:65)
	at org.elasticsearch.indices.recovery.RecoveryTarget$2.run(RecoveryTarget.java:175)
	at java.util.concurrent.ThreadPoolExecutor.runWorker(ThreadPoolExecutor.java:1145)
	at java.util.concurrent.ThreadPoolExecutor$Worker.run(ThreadPoolExecutor.java:615)
	at java.lang.Thread.run(Thread.java:745)
Caused by: org.elasticsearch.transport.RemoteTransportException: [Calvin Rankin][inet[/192.168.0.14:9300]][index/shard/recovery/startRecovery]
Caused by: org.elasticsearch.index.engine.RecoveryEngineException: [.marvel-2014.07.25][0] Phase[1] Execution failed
	at org.elasticsearch.index.engine.internal.InternalEngine.recover(InternalEngine.java:1072)
	at org.elasticsearch.index.shard.service.InternalIndexShard.recover(InternalIndexShard.java:636)
	at org.elasticsearch.indices.recovery.RecoverySource.recover(RecoverySource.java:135)
	at org.elasticsearch.indices.recovery.RecoverySource.access$2500(RecoverySource.java:72)
	at org.elasticsearch.indices.recovery.RecoverySource$StartRecoveryTransportRequestHandler.messageReceived(RecoverySource.java:440)
	at org.elasticsearch.indices.recovery.RecoverySource$StartRecoveryTransportRequestHandler.messageReceived(RecoverySource.java:426)
	at org.elasticsearch.transport.netty.MessageChannelHandler$RequestHandler.run(MessageChannelHandler.java:275)
	at java.util.concurrent.ThreadPoolExecutor.runWorker(ThreadPoolExecutor.java:1145)
	at java.util.concurrent.ThreadPoolExecutor$Worker.run(ThreadPoolExecutor.java:615)
	at java.lang.Thread.run(Thread.java:745)
Caused by: org.elasticsearch.indices.recovery.RecoverFilesRecoveryException: [.marvel-2014.07.25][0] Failed to transfer [0] files with total size of [0b]
	at org.elasticsearch.indices.recovery.RecoverySource$1.phase1(RecoverySource.java:280)
	at org.elasticsearch.index.engine.internal.InternalEngine.recover(InternalEngine.java:1068)
	... 9 more
Caused by: org.apache.lucene.store.NoSuchDirectoryException: directory '/home/adam/Pobrane/elasticsearch-1.3.0/data/elasticsearch/nodes/0/indices/.marvel-2014.07.25/0/index' does not exist
	at org.apache.lucene.store.FSDirectory.listAll(FSDirectory.java:218)
	at org.apache.lucene.store.FSDirectory.listAll(FSDirectory.java:242)
	at org.apache.lucene.store.FileSwitchDirectory.listAll(FileSwitchDirectory.java:87)
	at org.apache.lucene.store.FilterDirectory.listAll(FilterDirectory.java:48)
	at org.elasticsearch.index.store.DistributorDirectory.listAll(DistributorDirectory.java:88)
	at org.apache.lucene.store.FilterDirectory.listAll(FilterDirectory.java:48)
	at org.elasticsearch.index.store.Store.failIfCorrupted(Store.java:332)
	at org.elasticsearch.index.store.Store.failIfCorrupted(Store.java:328)
	at org.elasticsearch.index.store.Store.getMetadata(Store.java:142)
	at org.elasticsearch.indices.recovery.RecoverySource$1.phase1(RecoverySource.java:145)
	... 10 more
[2014-07-26 00:04:10,400][WARN ][cluster.action.shard     ] [Adversary] [.marvel-2014.07.25][0] sending failed shard for [.marvel-2014.07.25][0], node[1y_Vb5e0R52422p1vMyTkA], [R], s[INITIALIZING], indexUUID [cJJdy97jQRa_K0bo3Stasw], reason [Failed to start shard, message [RecoveryFailedException[[.marvel-2014.07.25][0]: Recovery failed from [Calvin Rankin][W3E54GT6QFSFO1Wgp46UZg][adam-K55VJ][inet[/192.168.0.14:9300]] into [Adversary][1y_Vb5e0R52422p1vMyTkA][adam-K55VJ][inet[/192.168.0.14:9301]]]; nested: RemoteTransportException[[Calvin Rankin][inet[/192.168.0.14:9300]][index/shard/recovery/startRecovery]]; nested: RecoveryEngineException[[.marvel-2014.07.25][0] Phase[1] Execution failed]; nested: RecoverFilesRecoveryException[[.marvel-2014.07.25][0] Failed to transfer [0] files with total size of [0b]]; nested: NoSuchDirectoryException[directory '/home/adam/Pobrane/elasticsearch-1.3.0/data/elasticsearch/nodes/0/indices/.marvel-2014.07.25/0/index' does not exist]; ]]
[2014-07-26 00:05:55,204][WARN ][indices.recovery         ] [Adversary] [.marvel-2014.07.25][0] recovery from [[Calvin Rankin][W3E54GT6QFSFO1Wgp46UZg][adam-K55VJ][inet[/192.168.0.14:9300]]] failed
org.elasticsearch.transport.RemoteTransportException: [Calvin Rankin][inet[/192.168.0.14:9300]][index/shard/recovery/startRecovery]
Caused by: org.elasticsearch.index.engine.RecoveryEngineException: [.marvel-2014.07.25][0] Phase[1] Execution failed
	at org.elasticsearch.index.engine.internal.InternalEngine.recover(InternalEngine.java:1072)
	at org.elasticsearch.index.shard.service.InternalIndexShard.recover(InternalIndexShard.java:636)
	at org.elasticsearch.indices.recovery.RecoverySource.recover(RecoverySource.java:135)
	at org.elasticsearch.indices.recovery.RecoverySource.access$2500(RecoverySource.java:72)
	at org.elasticsearch.indices.recovery.RecoverySource$StartRecoveryTransportRequestHandler.messageReceived(RecoverySource.java:440)
	at org.elasticsearch.indices.recovery.RecoverySource$StartRecoveryTransportRequestHandler.messageReceived(RecoverySource.java:426)
	at org.elasticsearch.transport.netty.MessageChannelHandler$RequestHandler.run(MessageChannelHandler.java:275)
	at java.util.concurrent.ThreadPoolExecutor.runWorker(ThreadPoolExecutor.java:1145)
	at java.util.concurrent.ThreadPoolExecutor$Worker.run(ThreadPoolExecutor.java:615)
	at java.lang.Thread.run(Thread.java:745)
Caused by: org.elasticsearch.indices.recovery.RecoverFilesRecoveryException: [.marvel-2014.07.25][0] Failed to transfer [0] files with total size of [0b]
	at org.elasticsearch.indices.recovery.RecoverySource$1.phase1(RecoverySource.java:280)
	at org.elasticsearch.index.engine.internal.InternalEngine.recover(InternalEngine.java:1068)
	... 9 more
Caused by: org.apache.lucene.store.NoSuchDirectoryException: directory '/home/adam/Pobrane/elasticsearch-1.3.0/data/elasticsearch/nodes/0/indices/.marvel-2014.07.25/0/index' does not exist
	at org.apache.lucene.store.FSDirectory.listAll(FSDirectory.java:218)
	at org.apache.lucene.store.FSDirectory.listAll(FSDirectory.java:242)
	at org.apache.lucene.store.FileSwitchDirectory.listAll(FileSwitchDirectory.java:87)
	at org.apache.lucene.store.FilterDirectory.listAll(FilterDirectory.java:48)
	at org.elasticsearch.index.store.DistributorDirectory.listAll(DistributorDirectory.java:88)
	at org.apache.lucene.store.FilterDirectory.listAll(FilterDirectory.java:48)
	at org.elasticsearch.index.store.Store.failIfCorrupted(Store.java:332)
	at org.elasticsearch.index.store.Store.failIfCorrupted(Store.java:328)
	at org.elasticsearch.index.store.Store.getMetadata(Store.java:142)
	at org.elasticsearch.indices.recovery.RecoverySource$1.phase1(RecoverySource.java:145)
	... 10 more
[2014-07-26 00:05:55,204][WARN ][indices.cluster          ] [Adversary] [.marvel-2014.07.25][0] failed to start shard
org.elasticsearch.indices.recovery.RecoveryFailedException: [.marvel-2014.07.25][0]: Recovery failed from [Calvin Rankin][W3E54GT6QFSFO1Wgp46UZg][adam-K55VJ][inet[/192.168.0.14:9300]] into [Adversary][1y_Vb5e0R52422p1vMyTkA][adam-K55VJ][inet[/192.168.0.14:9301]]
	at org.elasticsearch.indices.recovery.RecoveryTarget.doRecovery(RecoveryTarget.java:306)
	at org.elasticsearch.indices.recovery.RecoveryTarget.access$200(RecoveryTarget.java:65)
	at org.elasticsearch.indices.recovery.RecoveryTarget$3.run(RecoveryTarget.java:184)
	at java.util.concurrent.ThreadPoolExecutor.runWorker(ThreadPoolExecutor.java:1145)
	at java.util.concurrent.ThreadPoolExecutor$Worker.run(ThreadPoolExecutor.java:615)
	at java.lang.Thread.run(Thread.java:745)
Caused by: org.elasticsearch.transport.RemoteTransportException: [Calvin Rankin][inet[/192.168.0.14:9300]][index/shard/recovery/startRecovery]
Caused by: org.elasticsearch.index.engine.RecoveryEngineException: [.marvel-2014.07.25][0] Phase[1] Execution failed
	at org.elasticsearch.index.engine.internal.InternalEngine.recover(InternalEngine.java:1072)
	at org.elasticsearch.index.shard.service.InternalIndexShard.recover(InternalIndexShard.java:636)
	at org.elasticsearch.indices.recovery.RecoverySource.recover(RecoverySource.java:135)
	at org.elasticsearch.indices.recovery.RecoverySource.access$2500(RecoverySource.java:72)
	at org.elasticsearch.indices.recovery.RecoverySource$StartRecoveryTransportRequestHandler.messageReceived(RecoverySource.java:440)
	at org.elasticsearch.indices.recovery.RecoverySource$StartRecoveryTransportRequestHandler.messageReceived(RecoverySource.java:426)
	at org.elasticsearch.transport.netty.MessageChannelHandler$RequestHandler.run(MessageChannelHandler.java:275)
	at java.util.concurrent.ThreadPoolExecutor.runWorker(ThreadPoolExecutor.java:1145)
	at java.util.concurrent.ThreadPoolExecutor$Worker.run(ThreadPoolExecutor.java:615)
	at java.lang.Thread.run(Thread.java:745)
Caused by: org.elasticsearch.indices.recovery.RecoverFilesRecoveryException: [.marvel-2014.07.25][0] Failed to transfer [0] files with total size of [0b]
	at org.elasticsearch.indices.recovery.RecoverySource$1.phase1(RecoverySource.java:280)
	at org.elasticsearch.index.engine.internal.InternalEngine.recover(InternalEngine.java:1068)
	... 9 more
Caused by: org.apache.lucene.store.NoSuchDirectoryException: directory '/home/adam/Pobrane/elasticsearch-1.3.0/data/elasticsearch/nodes/0/indices/.marvel-2014.07.25/0/index' does not exist
	at org.apache.lucene.store.FSDirectory.listAll(FSDirectory.java:218)
	at org.apache.lucene.store.FSDirectory.listAll(FSDirectory.java:242)
	at org.apache.lucene.store.FileSwitchDirectory.listAll(FileSwitchDirectory.java:87)
	at org.apache.lucene.store.FilterDirectory.listAll(FilterDirectory.java:48)
	at org.elasticsearch.index.store.DistributorDirectory.listAll(DistributorDirectory.java:88)
	at org.apache.lucene.store.FilterDirectory.listAll(FilterDirectory.java:48)
	at org.elasticsearch.index.store.Store.failIfCorrupted(Store.java:332)
	at org.elasticsearch.index.store.Store.failIfCorrupted(Store.java:328)
	at org.elasticsearch.index.store.Store.getMetadata(Store.java:142)
	at org.elasticsearch.indices.recovery.RecoverySource$1.phase1(RecoverySource.java:145)
	... 10 more
[2014-07-26 00:05:55,206][WARN ][cluster.action.shard     ] [Adversary] [.marvel-2014.07.25][0] sending failed shard for [.marvel-2014.07.25][0], node[1y_Vb5e0R52422p1vMyTkA], [R], s[INITIALIZING], indexUUID [cJJdy97jQRa_K0bo3Stasw], reason [Failed to start shard, message [RecoveryFailedException[[.marvel-2014.07.25][0]: Recovery failed from [Calvin Rankin][W3E54GT6QFSFO1Wgp46UZg][adam-K55VJ][inet[/192.168.0.14:9300]] into [Adversary][1y_Vb5e0R52422p1vMyTkA][adam-K55VJ][inet[/192.168.0.14:9301]]]; nested: RemoteTransportException[[Calvin Rankin][inet[/192.168.0.14:9300]][index/shard/recovery/startRecovery]]; nested: RecoveryEngineException[[.marvel-2014.07.25][0] Phase[1] Execution failed]; nested: RecoverFilesRecoveryException[[.marvel-2014.07.25][0] Failed to transfer [0] files with total size of [0b]]; nested: NoSuchDirectoryException[directory '/home/adam/Pobrane/elasticsearch-1.3.0/data/elasticsearch/nodes/0/indices/.marvel-2014.07.25/0/index' does not exist]; ]]
[2014-07-26 00:05:56,383][WARN ][indices.recovery         ] [Adversary] [.marvel-2014.07.25][0] recovery from [[Calvin Rankin][W3E54GT6QFSFO1Wgp46UZg][adam-K55VJ][inet[/192.168.0.14:9300]]] failed
org.elasticsearch.transport.RemoteTransportException: [Calvin Rankin][inet[/192.168.0.14:9300]][index/shard/recovery/startRecovery]
Caused by: org.elasticsearch.index.engine.RecoveryEngineException: [.marvel-2014.07.25][0] Phase[1] Execution failed
	at org.elasticsearch.index.engine.internal.InternalEngine.recover(InternalEngine.java:1072)
	at org.elasticsearch.index.shard.service.InternalIndexShard.recover(InternalIndexShard.java:636)
	at org.elasticsearch.indices.recovery.RecoverySource.recover(RecoverySource.java:135)
	at org.elasticsearch.indices.recovery.RecoverySource.access$2500(RecoverySource.java:72)
	at org.elasticsearch.indices.recovery.RecoverySource$StartRecoveryTransportRequestHandler.messageReceived(RecoverySource.java:440)
	at org.elasticsearch.indices.recovery.RecoverySource$StartRecoveryTransportRequestHandler.messageReceived(RecoverySource.java:426)
	at org.elasticsearch.transport.netty.MessageChannelHandler$RequestHandler.run(MessageChannelHandler.java:275)
	at java.util.concurrent.ThreadPoolExecutor.runWorker(ThreadPoolExecutor.java:1145)
	at java.util.concurrent.ThreadPoolExecutor$Worker.run(ThreadPoolExecutor.java:615)
	at java.lang.Thread.run(Thread.java:745)
Caused by: org.elasticsearch.indices.recovery.RecoverFilesRecoveryException: [.marvel-2014.07.25][0] Failed to transfer [0] files with total size of [0b]
	at org.elasticsearch.indices.recovery.RecoverySource$1.phase1(RecoverySource.java:280)
	at org.elasticsearch.index.engine.internal.InternalEngine.recover(InternalEngine.java:1068)
	... 9 more
Caused by: org.apache.lucene.store.NoSuchDirectoryException: directory '/home/adam/Pobrane/elasticsearch-1.3.0/data/elasticsearch/nodes/0/indices/.marvel-2014.07.25/0/index' does not exist
	at org.apache.lucene.store.FSDirectory.listAll(FSDirectory.java:218)
	at org.apache.lucene.store.FSDirectory.listAll(FSDirectory.java:242)
	at org.apache.lucene.store.FileSwitchDirectory.listAll(FileSwitchDirectory.java:87)
	at org.apache.lucene.store.FilterDirectory.listAll(FilterDirectory.java:48)
	at org.elasticsearch.index.store.DistributorDirectory.listAll(DistributorDirectory.java:88)
	at org.apache.lucene.store.FilterDirectory.listAll(FilterDirectory.java:48)
	at org.elasticsearch.index.store.Store.failIfCorrupted(Store.java:332)
	at org.elasticsearch.index.store.Store.failIfCorrupted(Store.java:328)
	at org.elasticsearch.index.store.Store.getMetadata(Store.java:142)
	at org.elasticsearch.indices.recovery.RecoverySource$1.phase1(RecoverySource.java:145)
	... 10 more
[2014-07-26 00:05:56,386][WARN ][indices.cluster          ] [Adversary] [.marvel-2014.07.25][0] failed to start shard
org.elasticsearch.indices.recovery.RecoveryFailedException: [.marvel-2014.07.25][0]: Recovery failed from [Calvin Rankin][W3E54GT6QFSFO1Wgp46UZg][adam-K55VJ][inet[/192.168.0.14:9300]] into [Adversary][1y_Vb5e0R52422p1vMyTkA][adam-K55VJ][inet[/192.168.0.14:9301]]
	at org.elasticsearch.indices.recovery.RecoveryTarget.doRecovery(RecoveryTarget.java:306)
	at org.elasticsearch.indices.recovery.RecoveryTarget.access$200(RecoveryTarget.java:65)
	at org.elasticsearch.indices.recovery.RecoveryTarget$3.run(RecoveryTarget.java:184)
	at java.util.concurrent.ThreadPoolExecutor.runWorker(ThreadPoolExecutor.java:1145)
	at java.util.concurrent.ThreadPoolExecutor$Worker.run(ThreadPoolExecutor.java:615)
	at java.lang.Thread.run(Thread.java:745)
Caused by: org.elasticsearch.transport.RemoteTransportException: [Calvin Rankin][inet[/192.168.0.14:9300]][index/shard/recovery/startRecovery]
Caused by: org.elasticsearch.index.engine.RecoveryEngineException: [.marvel-2014.07.25][0] Phase[1] Execution failed
	at org.elasticsearch.index.engine.internal.InternalEngine.recover(InternalEngine.java:1072)
	at org.elasticsearch.index.shard.service.InternalIndexShard.recover(InternalIndexShard.java:636)
	at org.elasticsearch.indices.recovery.RecoverySource.recover(RecoverySource.java:135)
	at org.elasticsearch.indices.recovery.RecoverySource.access$2500(RecoverySource.java:72)
	at org.elasticsearch.indices.recovery.RecoverySource$StartRecoveryTransportRequestHandler.messageReceived(RecoverySource.java:440)
	at org.elasticsearch.indices.recovery.RecoverySource$StartRecoveryTransportRequestHandler.messageReceived(RecoverySource.java:426)
	at org.elasticsearch.transport.netty.MessageChannelHandler$RequestHandler.run(MessageChannelHandler.java:275)
	at java.util.concurrent.ThreadPoolExecutor.runWorker(ThreadPoolExecutor.java:1145)
	at java.util.concurrent.ThreadPoolExecutor$Worker.run(ThreadPoolExecutor.java:615)
	at java.lang.Thread.run(Thread.java:745)
Caused by: org.elasticsearch.indices.recovery.RecoverFilesRecoveryException: [.marvel-2014.07.25][0] Failed to transfer [0] files with total size of [0b]
	at org.elasticsearch.indices.recovery.RecoverySource$1.phase1(RecoverySource.java:280)
	at org.elasticsearch.index.engine.internal.InternalEngine.recover(InternalEngine.java:1068)
	... 9 more
Caused by: org.apache.lucene.store.NoSuchDirectoryException: directory '/home/adam/Pobrane/elasticsearch-1.3.0/data/elasticsearch/nodes/0/indices/.marvel-2014.07.25/0/index' does not exist
	at org.apache.lucene.store.FSDirectory.listAll(FSDirectory.java:218)
	at org.apache.lucene.store.FSDirectory.listAll(FSDirectory.java:242)
	at org.apache.lucene.store.FileSwitchDirectory.listAll(FileSwitchDirectory.java:87)
	at org.apache.lucene.store.FilterDirectory.listAll(FilterDirectory.java:48)
	at org.elasticsearch.index.store.DistributorDirectory.listAll(DistributorDirectory.java:88)
	at org.apache.lucene.store.FilterDirectory.listAll(FilterDirectory.java:48)
	at org.elasticsearch.index.store.Store.failIfCorrupted(Store.java:332)
	at org.elasticsearch.index.store.Store.failIfCorrupted(Store.java:328)
	at org.elasticsearch.index.store.Store.getMetadata(Store.java:142)
	at org.elasticsearch.indices.recovery.RecoverySource$1.phase1(RecoverySource.java:145)
	... 10 more
[2014-07-26 00:05:56,390][WARN ][cluster.action.shard     ] [Adversary] [.marvel-2014.07.25][0] sending failed shard for [.marvel-2014.07.25][0], node[1y_Vb5e0R52422p1vMyTkA], [R], s[INITIALIZING], indexUUID [cJJdy97jQRa_K0bo3Stasw], reason [Failed to start shard, message [RecoveryFailedException[[.marvel-2014.07.25][0]: Recovery failed from [Calvin Rankin][W3E54GT6QFSFO1Wgp46UZg][adam-K55VJ][inet[/192.168.0.14:9300]] into [Adversary][1y_Vb5e0R52422p1vMyTkA][adam-K55VJ][inet[/192.168.0.14:9301]]]; nested: RemoteTransportException[[Calvin Rankin][inet[/192.168.0.14:9300]][index/shard/recovery/startRecovery]]; nested: RecoveryEngineException[[.marvel-2014.07.25][0] Phase[1] Execution failed]; nested: RecoverFilesRecoveryException[[.marvel-2014.07.25][0] Failed to transfer [0] files with total size of [0b]]; nested: NoSuchDirectoryException[directory '/home/adam/Pobrane/elasticsearch-1.3.0/data/elasticsearch/nodes/0/indices/.marvel-2014.07.25/0/index' does not exist]; ]]
[2014-07-26 00:09:06,805][INFO ][node                     ] [Adversary] stopping ...
[2014-07-26 00:09:06,860][INFO ][node                     ] [Adversary] stopped
[2014-07-26 00:09:06,860][INFO ][node                     ] [Adversary] closing ...
[2014-07-26 00:09:06,866][INFO ][node                     ] [Adversary] closed
[2014-07-26 00:10:38,538][INFO ][node                     ] [Aleksei Sytsevich] version[1.3.0], pid[8222], build[1265b14/2014-07-23T13:46:36Z]
[2014-07-26 00:10:38,538][INFO ][node                     ] [Aleksei Sytsevich] initializing ...
[2014-07-26 00:10:38,546][INFO ][plugins                  ] [Aleksei Sytsevich] loaded [marvel], sites [marvel]
[2014-07-26 13:18:37,245][INFO ][node                     ] [J2] version[1.3.0], pid[21251], build[1265b14/2014-07-23T13:46:36Z]
[2014-07-26 13:18:37,258][INFO ][node                     ] [J2] initializing ...
[2014-07-26 13:18:37,351][INFO ][plugins                  ] [J2] loaded [marvel], sites [marvel]
[2014-07-26 13:18:42,153][INFO ][marvel.agent             ] [J2] collecting disabled by settings
[2014-07-26 13:18:42,415][INFO ][node                     ] [J2] initialized
[2014-07-26 13:18:42,415][INFO ][node                     ] [J2] starting ...
[2014-07-26 13:18:42,646][INFO ][transport                ] [J2] bound_address {inet[/0:0:0:0:0:0:0:0:9300]}, publish_address {inet[/192.168.0.14:9300]}
[2014-07-26 13:18:42,762][INFO ][discovery                ] [J2] elasticsearch/lszuKG_IR8WaoT1Tlv7mPg
[2014-07-26 13:18:45,789][INFO ][cluster.service          ] [J2] new_master [J2][lszuKG_IR8WaoT1Tlv7mPg][adam-K55VJ][inet[/192.168.0.14:9300]], reason: zen-disco-join (elected_as_master)
[2014-07-26 13:18:45,868][INFO ][http                     ] [J2] bound_address {inet[/0:0:0:0:0:0:0:0:9200]}, publish_address {inet[/192.168.0.14:9200]}
[2014-07-26 13:18:45,869][INFO ][node                     ] [J2] started
[2014-07-26 13:18:46,801][INFO ][gateway                  ] [J2] recovered [2] indices into cluster_state
[2014-07-26 15:54:14,160][INFO ][node                     ] [J2] stopping ...
[2014-07-26 15:54:14,213][INFO ][node                     ] [J2] stopped
[2014-07-26 15:54:14,213][INFO ][node                     ] [J2] closing ...
[2014-07-26 15:54:14,221][INFO ][node                     ] [J2] closed
